<?xml version="1.0" encoding="UTF-8"?>
<coverage generated="1612461519152" clover="3.2.0">
  <project timestamp="1612461519152" name="All files">
    <metrics statements="10" coveredstatements="10" conditionals="0" coveredconditionals="0" methods="6" coveredmethods="6" elements="16" coveredelements="16" complexity="0" loc="10" ncloc="10" packages="1" files="1" classes="1"/>
    <file name="HelloWorld.vue" path="/Projects/abc-app/src/components/HelloWorld.vue">
      <metrics statements="10" coveredstatements="10" conditionals="0" coveredconditionals="0" methods="6" coveredmethods="6"/>
      <line num="34" count="6" type="stmt"/>
      <line num="46" count="16" type="stmt"/>
      <line num="51" count="12" type="stmt"/>
      <line num="52" count="12" type="stmt"/>
      <line num="53" count="22" type="stmt"/>
      <line num="55" count="12" type="stmt"/>
      <line num="58" count="11" type="stmt"/>
      <line num="59" count="11" type="stmt"/>
      <line num="60" count="11" type="stmt"/>
      <line num="63" count="11" type="stmt"/>
    </file>
  </project>
</coverage>
