{"/Projects/abc-app/src/components/ShoppingCart.vue": {"path":"/Projects/abc-app/src/components/ShoppingCart.vue","statementMap":{"0":{"start":{"line":48,"column":0},"end":{"line":48,"column":null}},"1":{"start":{"line":60,"column":0},"end":{"line":60,"column":null}},"2":{"start":{"line":63,"column":0},"end":{"line":63,"column":null}},"3":{"start":{"line":68,"column":0},"end":{"line":68,"column":null}},"4":{"start":{"line":69,"column":0},"end":{"line":71,"column":null}},"5":{"start":{"line":70,"column":0},"end":{"line":70,"column":null}},"6":{"start":{"line":72,"column":0},"end":{"line":72,"column":null}},"7":{"start":{"line":75,"column":0},"end":{"line":75,"column":null}},"8":{"start":{"line":76,"column":0},"end":{"line":76,"column":null}},"9":{"start":{"line":77,"column":0},"end":{"line":77,"column":null}},"10":{"start":{"line":80,"column":0},"end":{"line":80,"column":null}}},"fnMap":{"0":{"name":"(anonymous_1)","decl":{"start":{"line":47,"column":0},"end":{"line":47,"column":null}},"loc":{"start":{"line":47,"column":0},"end":{"line":57,"column":null}}},"1":{"name":"(anonymous_2)","decl":{"start":{"line":59,"column":0},"end":{"line":59,"column":null}},"loc":{"start":{"line":59,"column":0},"end":{"line":61,"column":null}}},"2":{"name":"(anonymous_3)","decl":{"start":{"line":62,"column":0},"end":{"line":62,"column":null}},"loc":{"start":{"line":62,"column":0},"end":{"line":64,"column":null}}},"3":{"name":"(anonymous_4)","decl":{"start":{"line":67,"column":0},"end":{"line":67,"column":null}},"loc":{"start":{"line":67,"column":0},"end":{"line":73,"column":null}}},"4":{"name":"(anonymous_5)","decl":{"start":{"line":69,"column":0},"end":{"line":69,"column":null}},"loc":{"start":{"line":69,"column":0},"end":{"line":71,"column":null}}},"5":{"name":"(anonymous_6)","decl":{"start":{"line":74,"column":0},"end":{"line":74,"column":null}},"loc":{"start":{"line":74,"column":0},"end":{"line":78,"column":null}}},"6":{"name":"(anonymous_7)","decl":{"start":{"line":79,"column":0},"end":{"line":79,"column":null}},"loc":{"start":{"line":79,"column":0},"end":{"line":81,"column":null}}}},"branchMap":{},"s":{"0":8,"1":16,"2":1,"3":15,"4":15,"5":22,"6":15,"7":13,"8":13,"9":13,"10":13},"f":{"0":8,"1":16,"2":1,"3":15,"4":22,"5":13,"6":13},"b":{}}
}
